<?xml version="1.0" encoding="UTF-8"?>
<!-- Generated by org.testng.reporters.JUnitXMLReporter -->
<testsuite ignored="0" hostname="DESKTOP-10E3PP0" failures="1" tests="3" name="Test" time="19.734" errors="0" timestamp="2023-05-26T22:56:29 GST">
  <testcase classname="LearnFramework2.tests.ErrorValidation" name="errorValidate" time="0.594">
    <failure type="java.lang.AssertionError" message="expected [Incorrect email or password.] but found [Incorrectemail or password.]">
      <![CDATA[java.lang.AssertionError: expected [Incorrect email or password.] but found [Incorrectemail or password.]
at LearnFramework2.tests.ErrorValidation.errorValidate(ErrorValidation.java:32)
at java.base/java.util.ArrayList.forEach(ArrayList.java:1511)
... Removed 33 stack frames]]>
    </failure>
  </testcase> <!-- errorValidate -->
  <testcase classname="LearnFramework2.tests.Ecommerce" name="submitOrder" time="10.357"/>
  <testcase classname="LearnFramework2.tests.Ecommerce" name="validateOrdersPage" time="0.814"/>
</testsuite> <!-- Test -->
