<?xml version="1.0" encoding="UTF-8"?>
<!-- Generated by org.testng.reporters.JUnitXMLReporter -->
<testsuite hostname="DESKTOP-10E3PP0" ignored="0" name="Test" tests="3" failures="0" timestamp="2023-05-28T15:53:42 GST" time="29.599" errors="0">
  <testcase name="errorValidate" time="0.977" classname="LearnFramework2.tests.ErrorValidation"/>
  <testcase name="submitOrder" time="10.308" classname="LearnFramework2.tests.Ecommerce"/>
  <testcase name="validateOrdersPage" time="0.75" classname="LearnFramework2.tests.Ecommerce"/>
</testsuite> <!-- Test -->
